<?xml version="1.0" encoding="UTF-8"?>
<!-- Generated by org.testng.reporters.JUnitXMLReporter -->
<testsuite ignored="0" hostname="DESKTOP-G2AEDBO" failures="0" tests="4" name="Regression" time="0.039" errors="0" timestamp="2022-07-07T20:33:39 EEST">
  <testcase classname="TestsForInterfaces.GeometricFigureMethodsTests" name="perimetrOfSquareMethodTest" time="0.005"/>
  <testcase classname="TestsForInterfaces.GeometricFigureMethodsTests" name="perimetrOfSquareMethodTwoTest" time="0.001"/>
  <testcase classname="TestsForInterfaces.GeometricFigureMethodsTests" name="volumeOfCoubeMethodTest" time="0.0"/>
  <testcase classname="TestsForInterfaces.GeometricFigureMethodsTests" name="volumeOfCoubeMethodTwoTest" time="0.0"/>
</testsuite> <!-- Regression -->
