<?xml version="1.0" encoding="UTF-8"?>
<!-- Generated by org.testng.reporters.JUnitXMLReporter -->
<testsuite ignored="0" hostname="DESKTOP-G2AEDBO" failures="0" tests="8" name="Regression" time="0.007" errors="0" timestamp="2022-07-07T20:33:39 EEST">
  <testcase classname="TestsForInterfaces.MathMethodsTests" name="MinusMethodTest" time="0.0"/>
  <testcase classname="TestsForInterfaces.MathMethodsTests" name="divisionMethodTest" time="0.0"/>
  <testcase classname="TestsForInterfaces.MathMethodsTests" name="divisioneMethodTwoTest" time="0.0"/>
  <testcase classname="TestsForInterfaces.MathMethodsTests" name="minusMethodTwoTest" time="0.0"/>
  <testcase classname="TestsForInterfaces.MathMethodsTests" name="multiPlaceMethodTest" time="0.0"/>
  <testcase classname="TestsForInterfaces.MathMethodsTests" name="multiplaceMethodTwoTest" time="0.0"/>
  <testcase classname="TestsForInterfaces.MathMethodsTests" name="summMethodTest" time="0.0"/>
  <testcase classname="TestsForInterfaces.MathMethodsTests" name="summMethodTwoTest" time="0.0"/>
</testsuite> <!-- Regression -->
