<?xml version="1.0" encoding="UTF-8"?>
<testng-results ignored="0" total="5" passed="5" failed="0" skipped="0">
  <reporter-output>
  </reporter-output>
  <suite started-at="2022-07-08T18:13:30 EEST" name="TestingVolumeFiguresMethods" finished-at="2022-07-08T18:13:55 EEST" duration-ms="24789">
    <groups>
    </groups>
    <test started-at="2022-07-08T18:13:30 EEST" name="Regression" finished-at="2022-07-08T18:13:55 EEST" duration-ms="24789">
      <class name="RozetkaTests">
        <test-method is-config="true" signature="beforeMethod()[pri:0, instance:RozetkaTests@291ae]" started-at="2022-07-08T18:13:30 EEST" name="beforeMethod" finished-at="2022-07-08T18:13:32 EEST" duration-ms="2013" status="PASS">
          <reporter-output>
          </reporter-output>
        </test-method> <!-- beforeMethod -->
        <test-method is-config="true" signature="getRozetkaHeaderBtn()[pri:0, instance:RozetkaTests@291ae]" started-at="2022-07-08T18:13:32 EEST" name="getRozetkaHeaderBtn" finished-at="2022-07-08T18:13:33 EEST" duration-ms="959" status="PASS">
          <reporter-output>
          </reporter-output>
        </test-method> <!-- getRozetkaHeaderBtn -->
        <test-method signature="BTBtn()[pri:0, instance:RozetkaTests@291ae]" started-at="2022-07-08T18:13:33 EEST" name="BTBtn" finished-at="2022-07-08T18:13:36 EEST" duration-ms="2957" status="PASS">
          <reporter-output>
          </reporter-output>
        </test-method> <!-- BTBtn -->
        <test-method is-config="true" signature="afterMethod()[pri:0, instance:RozetkaTests@291ae]" started-at="2022-07-08T18:13:36 EEST" name="afterMethod" finished-at="2022-07-08T18:13:36 EEST" duration-ms="176" status="PASS">
          <reporter-output>
          </reporter-output>
        </test-method> <!-- afterMethod -->
        <test-method is-config="true" signature="beforeMethod()[pri:0, instance:RozetkaTests@291ae]" started-at="2022-07-08T18:13:36 EEST" name="beforeMethod" finished-at="2022-07-08T18:13:37 EEST" duration-ms="1019" status="PASS">
          <reporter-output>
          </reporter-output>
        </test-method> <!-- beforeMethod -->
        <test-method is-config="true" signature="getRozetkaHeaderBtn()[pri:0, instance:RozetkaTests@291ae]" started-at="2022-07-08T18:13:37 EEST" name="getRozetkaHeaderBtn" finished-at="2022-07-08T18:13:39 EEST" duration-ms="1081" status="PASS">
          <reporter-output>
          </reporter-output>
        </test-method> <!-- getRozetkaHeaderBtn -->
        <test-method signature="computersNotebooksBtnTest()[pri:0, instance:RozetkaTests@291ae]" started-at="2022-07-08T18:13:39 EEST" name="computersNotebooksBtnTest" finished-at="2022-07-08T18:13:41 EEST" duration-ms="2353" status="PASS">
          <reporter-output>
          </reporter-output>
        </test-method> <!-- computersNotebooksBtnTest -->
        <test-method is-config="true" signature="afterMethod()[pri:0, instance:RozetkaTests@291ae]" started-at="2022-07-08T18:13:41 EEST" name="afterMethod" finished-at="2022-07-08T18:13:41 EEST" duration-ms="176" status="PASS">
          <reporter-output>
          </reporter-output>
        </test-method> <!-- afterMethod -->
        <test-method is-config="true" signature="beforeMethod()[pri:0, instance:RozetkaTests@291ae]" started-at="2022-07-08T18:13:41 EEST" name="beforeMethod" finished-at="2022-07-08T18:13:42 EEST" duration-ms="946" status="PASS">
          <reporter-output>
          </reporter-output>
        </test-method> <!-- beforeMethod -->
        <test-method is-config="true" signature="getRozetkaHeaderBtn()[pri:0, instance:RozetkaTests@291ae]" started-at="2022-07-08T18:13:42 EEST" name="getRozetkaHeaderBtn" finished-at="2022-07-08T18:13:43 EEST" duration-ms="1000" status="PASS">
          <reporter-output>
          </reporter-output>
        </test-method> <!-- getRozetkaHeaderBtn -->
        <test-method signature="gameZoneBtn()[pri:0, instance:RozetkaTests@291ae]" started-at="2022-07-08T18:13:43 EEST" name="gameZoneBtn" finished-at="2022-07-08T18:13:45 EEST" duration-ms="2300" status="PASS">
          <reporter-output>
          </reporter-output>
        </test-method> <!-- gameZoneBtn -->
        <test-method is-config="true" signature="afterMethod()[pri:0, instance:RozetkaTests@291ae]" started-at="2022-07-08T18:13:45 EEST" name="afterMethod" finished-at="2022-07-08T18:13:45 EEST" duration-ms="192" status="PASS">
          <reporter-output>
          </reporter-output>
        </test-method> <!-- afterMethod -->
        <test-method is-config="true" signature="beforeMethod()[pri:0, instance:RozetkaTests@291ae]" started-at="2022-07-08T18:13:45 EEST" name="beforeMethod" finished-at="2022-07-08T18:13:47 EEST" duration-ms="1044" status="PASS">
          <reporter-output>
          </reporter-output>
        </test-method> <!-- beforeMethod -->
        <test-method is-config="true" signature="getRozetkaHeaderBtn()[pri:0, instance:RozetkaTests@291ae]" started-at="2022-07-08T18:13:47 EEST" name="getRozetkaHeaderBtn" finished-at="2022-07-08T18:13:47 EEST" duration-ms="980" status="PASS">
          <reporter-output>
          </reporter-output>
        </test-method> <!-- getRozetkaHeaderBtn -->
        <test-method signature="telefonyTvEhlektronikaBtn()[pri:0, instance:RozetkaTests@291ae]" started-at="2022-07-08T18:13:47 EEST" name="telefonyTvEhlektronikaBtn" finished-at="2022-07-08T18:13:50 EEST" duration-ms="2304" status="PASS">
          <reporter-output>
          </reporter-output>
        </test-method> <!-- telefonyTvEhlektronikaBtn -->
        <test-method is-config="true" signature="afterMethod()[pri:0, instance:RozetkaTests@291ae]" started-at="2022-07-08T18:13:50 EEST" name="afterMethod" finished-at="2022-07-08T18:13:50 EEST" duration-ms="216" status="PASS">
          <reporter-output>
          </reporter-output>
        </test-method> <!-- afterMethod -->
        <test-method is-config="true" signature="beforeMethod()[pri:0, instance:RozetkaTests@291ae]" started-at="2022-07-08T18:13:50 EEST" name="beforeMethod" finished-at="2022-07-08T18:13:51 EEST" duration-ms="1182" status="PASS">
          <reporter-output>
          </reporter-output>
        </test-method> <!-- beforeMethod -->
        <test-method is-config="true" signature="getRozetkaHeaderBtn()[pri:0, instance:RozetkaTests@291ae]" started-at="2022-07-08T18:13:51 EEST" name="getRozetkaHeaderBtn" finished-at="2022-07-08T18:13:52 EEST" duration-ms="1110" status="PASS">
          <reporter-output>
          </reporter-output>
        </test-method> <!-- getRozetkaHeaderBtn -->
        <test-method signature="tovaryDlyaDomaBtn()[pri:0, instance:RozetkaTests@291ae]" started-at="2022-07-08T18:13:52 EEST" name="tovaryDlyaDomaBtn" finished-at="2022-07-08T18:13:55 EEST" duration-ms="2538" status="PASS">
          <reporter-output>
          </reporter-output>
        </test-method> <!-- tovaryDlyaDomaBtn -->
        <test-method is-config="true" signature="afterMethod()[pri:0, instance:RozetkaTests@291ae]" started-at="2022-07-08T18:13:55 EEST" name="afterMethod" finished-at="2022-07-08T18:13:55 EEST" duration-ms="195" status="PASS">
          <reporter-output>
          </reporter-output>
        </test-method> <!-- afterMethod -->
      </class> <!-- RozetkaTests -->
    </test> <!-- Regression -->
  </suite> <!-- TestingVolumeFiguresMethods -->
</testng-results>
