<?xml version="1.0" encoding="UTF-8"?>
<!-- Generated by org.testng.reporters.JUnitXMLReporter -->
<testsuite ignored="0" hostname="DESKTOP-G2AEDBO" failures="0" tests="5" name="Regression" time="24.789" errors="0" timestamp="2022-07-08T18:13:55 EEST">
  <testcase classname="RozetkaTests" name="BTBtn" time="2.957"/>
  <testcase classname="RozetkaTests" name="computersNotebooksBtnTest" time="2.353"/>
  <testcase classname="RozetkaTests" name="gameZoneBtn" time="2.3"/>
  <testcase classname="RozetkaTests" name="telefonyTvEhlektronikaBtn" time="2.304"/>
  <testcase classname="RozetkaTests" name="tovaryDlyaDomaBtn" time="2.538"/>
</testsuite> <!-- Regression -->
